<?xml version="1.0" encoding="UTF-8"?>
<testng-results ignored="0" total="1" passed="1" failed="0" skipped="0">
  <reporter-output>
  </reporter-output>
  <suite started-at="2023-11-22T18:53:57 IST" name="Default suite" finished-at="2023-11-22T18:54:01 IST" duration-ms="3862">
    <groups>
    </groups>
    <test started-at="2023-11-22T18:53:57 IST" name="Default test" finished-at="2023-11-22T18:54:01 IST" duration-ms="3862">
      <class name="com.testdata.allure.SeleniumNewTest">
        <test-method is-config="true" signature="setup()[pri:0, instance:com.testdata.allure.SeleniumNewTest@5c80cf32]" started-at="2023-11-22T18:53:58 IST" name="setup" finished-at="2023-11-22T18:54:01 IST" duration-ms="3519" status="PASS">
          <reporter-output>
          </reporter-output>
        </test-method> <!-- setup -->
        <test-method signature="logoPresenceTest()[pri:1, instance:com.testdata.allure.SeleniumNewTest@5c80cf32]" started-at="2023-11-22T18:54:01 IST" name="logoPresenceTest" finished-at="2023-11-22T18:54:01 IST" duration-ms="100" status="PASS">
          <reporter-output>
          </reporter-output>
        </test-method> <!-- logoPresenceTest -->
        <test-method is-config="true" signature="closeBrowser()[pri:0, instance:com.testdata.allure.SeleniumNewTest@5c80cf32]" started-at="2023-11-22T18:54:01 IST" name="closeBrowser" finished-at="2023-11-22T18:54:01 IST" duration-ms="147" status="PASS">
          <reporter-output>
          </reporter-output>
        </test-method> <!-- closeBrowser -->
      </class> <!-- com.testdata.allure.SeleniumNewTest -->
    </test> <!-- Default test -->
  </suite> <!-- Default suite -->
</testng-results>
