<?xml version="1.0" encoding="UTF-8"?>
<!-- Generated by org.testng.reporters.JUnitXMLReporter -->
<testsuite ignored="0" hostname="del1-lhp-n68384" failures="1" tests="2" name="Test" time="0.177" errors="0" timestamp="2023-11-10T16:21:32 IST">
  <testcase classname="com.testdata.allure.NewTest2" name="testMethod2" time="0.059"/>
  <testcase classname="com.testdata.allure.NewTest1" name="testMethod1" time="0.01">
    <failure type="java.lang.AssertionError" message="expected [true] but found [false]">
      <![CDATA[java.lang.AssertionError: expected [true] but found [false]
at com.testdata.allure.NewTest1.testMethod1(NewTest1.java:10)
at java.base/java.util.ArrayList.forEach(ArrayList.java:1511)
... Removed 31 stack frames]]>
    </failure>
  </testcase> <!-- testMethod1 -->
</testsuite> <!-- Test -->
